----------------------------------------
Timestamp: 2013/3/10 11:16:01

Message: 没有设置tagName

Category: 无, 异常日志, ASP.weblogin_rent_prentdetail_aspx

Priority: -1

EventId: 0

Severity: Information

Title:

Machine: THINK

App Domain: /LM/W3SVC/6/ROOT-9-130073068190611829

ProcessId: 1192

Process Name: C:\Program Files (x86)\IIS Express\iisexpress.exe

Thread Name: 

Win32 ThreadId:30660

Extended Properties: 
----------------------------------------
----------------------------------------
Timestamp: 2013/3/10 11:16:06

Message: 没有设置tagName

Category: 无, 异常日志, ASP.weblogin_rent_prentdetail_aspx

Priority: -1

EventId: 0

Severity: Information

Title:

Machine: THINK

App Domain: /LM/W3SVC/6/ROOT-9-130073068190611829

ProcessId: 1192

Process Name: C:\Program Files (x86)\IIS Express\iisexpress.exe

Thread Name: 

Win32 ThreadId:30660

Extended Properties: 
----------------------------------------
----------------------------------------
Timestamp: 2013/3/10 11:16:50

Message: 没有设置tagName

Category: 无, 异常日志, ASP.weblogin_rent_prentdetail_aspx

Priority: -1

EventId: 0

Severity: Information

Title:

Machine: THINK

App Domain: /LM/W3SVC/6/ROOT-9-130073068190611829

ProcessId: 1192

Process Name: C:\Program Files (x86)\IIS Express\iisexpress.exe

Thread Name: 

Win32 ThreadId:6644

Extended Properties: 
----------------------------------------
----------------------------------------
Timestamp: 2013/3/10 11:16:54

Message: 没有设置tagName

Category: 无, 异常日志, ASP.weblogin_rent_prentdetail_aspx

Priority: -1

EventId: 0

Severity: Information

Title:

Machine: THINK

App Domain: /LM/W3SVC/6/ROOT-9-130073068190611829

ProcessId: 1192

Process Name: C:\Program Files (x86)\IIS Express\iisexpress.exe

Thread Name: 

Win32 ThreadId:26092

Extended Properties: 
----------------------------------------
