----------------------------------------
Timestamp: 2013/2/27 4:10:35

Message: 进入餐馆模块.餐馆维护页面

Category: 无, 信息, 操作日志, Friday.mvc.weblogin.restaurant.pRestaurantList

Title:

----------------------------------------
----------------------------------------
Timestamp: 2013/2/27 4:16:40

Message: 进入餐馆模块.餐馆维护页面

Category: 无, 信息, 操作日志, Friday.mvc.weblogin.restaurant.pRestaurantList

Title:

----------------------------------------
----------------------------------------
Timestamp: 2013/2/27 4:18:35

Message: 进入餐馆模块.餐馆维护页面

Category: 无, 信息, 操作日志, Friday.mvc.weblogin.restaurant.pRestaurantList

Title:

----------------------------------------
----------------------------------------
Timestamp: 2013/2/27 5:49:24

Message: 进入餐馆模块.餐馆维护页面

Category: 无, 信息, 操作日志, Friday.mvc.weblogin.restaurant.pRestaurantList

Title:

----------------------------------------
----------------------------------------
Timestamp: 2013/2/27 5:50:37

Message: 进入餐馆模块.餐馆维护页面

Category: 无, 信息, 操作日志, Friday.mvc.weblogin.restaurant.pRestaurantList

Title:

----------------------------------------
----------------------------------------
Timestamp: 2013/2/27 5:52:15

Message: 进入餐馆模块.餐馆维护页面

Category: 无, 信息, 操作日志, Friday.mvc.weblogin.restaurant.pRestaurantList

Title:

----------------------------------------
----------------------------------------
Timestamp: 2013/2/27 5:53:36

Message: 进入餐馆模块.餐馆维护页面

Category: 无, 信息, 操作日志, Friday.mvc.weblogin.restaurant.pRestaurantList

Title:

----------------------------------------
----------------------------------------
Timestamp: 2013/2/27 5:55:25

Message: 进入餐馆模块.餐馆维护页面

Category: 无, 信息, 操作日志, Friday.mvc.weblogin.restaurant.pRestaurantList

Title:

----------------------------------------
----------------------------------------
Timestamp: 2013/2/27 6:06:44

Message: 进入餐馆模块.餐馆维护页面

Category: 无, 信息, 操作日志, Friday.mvc.weblogin.restaurant.pRestaurantList

Title:

----------------------------------------
----------------------------------------
Timestamp: 2013/2/27 6:09:40

Message: 进入餐馆模块.餐馆维护页面

Category: 无, 信息, 操作日志, Friday.mvc.weblogin.restaurant.pRestaurantList

Title:

----------------------------------------
----------------------------------------
Timestamp: 2013/2/27 13:25:19

Message: 进入餐馆模块.餐馆维护页面

Category: 无, 信息, 操作日志, Friday.mvc.weblogin.restaurant.pRestaurantList

Title:

----------------------------------------
----------------------------------------
Timestamp: 2013/2/27 13:25:20

Message: 进入餐馆模块.餐馆维护页面

Category: 无, 信息, 操作日志, Friday.mvc.weblogin.restaurant.pRestaurantList

Title:

----------------------------------------
----------------------------------------
Timestamp: 2013/2/27 13:25:21

Message: 进入餐馆模块.餐馆维护页面

Category: 无, 信息, 操作日志, Friday.mvc.weblogin.restaurant.pRestaurantList

Title:

----------------------------------------
----------------------------------------
Timestamp: 2013/2/27 23:25:06

Message: 进入餐馆模块.餐馆维护页面

Category: 无, 信息, 操作日志, Friday.mvc.weblogin.restaurant.pRestaurantList

Title:

----------------------------------------
