----------------------------------------
Logging Errors & Warnings Error: 6352 : Timestamp: 2013/2/27 2:22:52
Message: There is no explicit mapping for the categories '无, 信息, Friday.mvc.weblogin.restaurant.pRestaurantList'. The log entry was: 
Timestamp: 2013/2/27 2:22:52
Message: 进入餐馆管理模块.餐馆维护页面
Category: 无, 信息, 操作日志, Friday.mvc.weblogin.restaurant.pRestaurantList
Priority: -1
EventId: 0
Severity: Information
Title:
Machine: LENOVO-PC
App Domain: /LM/W3SVC/2/ROOT-5-130064044951282729
ProcessId: 7188
Process Name: C:\Program Files\IIS Express\iisexpress.exe
Thread Name: 
Win32 ThreadId:6756
Extended Properties: 
Category: 
Priority: -1
EventId: 6352
Severity: Error
Title:
Machine: LENOVO-PC
App Domain: /LM/W3SVC/2/ROOT-5-130064044951282729
ProcessId: 7188
Process Name: C:\Program Files\IIS Express\iisexpress.exe
Thread Name: 
Win32 ThreadId:6756
Extended Properties: 
----------------------------------------
----------------------------------------
操作日志 Information: 0 : Timestamp: 2013/2/27 2:22:52
Message: 进入餐馆管理模块.餐馆维护页面
Category: 无, 信息, 操作日志, Friday.mvc.weblogin.restaurant.pRestaurantList
Priority: -1
EventId: 0
Severity: Information
Title:
Machine: LENOVO-PC
App Domain: /LM/W3SVC/2/ROOT-5-130064044951282729
ProcessId: 7188
Process Name: C:\Program Files\IIS Express\iisexpress.exe
Thread Name: 
Win32 ThreadId:6756
Extended Properties: 
----------------------------------------
----------------------------------------
Logging Errors & Warnings Error: 6352 : Timestamp: 2013/2/27 1:10:40
Message: There is no explicit mapping for the categories '无, 信息, Friday.mvc.weblogin.restaurant.pRestaurantList'. The log entry was: 
Timestamp: 2013/2/27 1:10:40
Message: 进入餐馆管理模块.餐馆维护页面
Category: 无, 信息, 操作日志, Friday.mvc.weblogin.restaurant.pRestaurantList
Priority: -1
EventId: 0
Severity: Information
Title:
Machine: THINK
App Domain: /LM/W3SVC/6/ROOT-39-130064007220388070
ProcessId: 4504
Process Name: C:\Program Files (x86)\IIS Express\iisexpress.exe
Thread Name: 
Win32 ThreadId:17892
Extended Properties: 
Category: 
Priority: -1
EventId: 6352
Severity: Error
Title:
Machine: THINK
App Domain: /LM/W3SVC/6/ROOT-39-130064007220388070
ProcessId: 4504
Process Name: C:\Program Files (x86)\IIS Express\iisexpress.exe
Thread Name: 
Win32 ThreadId:17892
Extended Properties: 
----------------------------------------
----------------------------------------
操作日志 Information: 0 : Timestamp: 2013/2/27 1:10:40
Message: 进入餐馆管理模块.餐馆维护页面
Category: 无, 信息, 操作日志, Friday.mvc.weblogin.restaurant.pRestaurantList
Priority: -1
EventId: 0
Severity: Information
Title:
Machine: THINK
App Domain: /LM/W3SVC/6/ROOT-39-130064007220388070
ProcessId: 4504
Process Name: C:\Program Files (x86)\IIS Express\iisexpress.exe
Thread Name: 
Win32 ThreadId:17892
Extended Properties: 
----------------------------------------
----------------------------------------
Logging Errors & Warnings Error: 6352 : Timestamp: 2013/2/27 1:11:27
Message: There is no explicit mapping for the categories '无, 信息, Friday.mvc.weblogin.restaurant.pRestaurantList'. The log entry was: 
Timestamp: 2013/2/27 1:11:27
Message: 进入餐馆管理模块.餐馆维护页面
Category: 无, 信息, 操作日志, Friday.mvc.weblogin.restaurant.pRestaurantList
Priority: -1
EventId: 0
Severity: Information
Title:
Machine: THINK
App Domain: /LM/W3SVC/6/ROOT-39-130064007220388070
ProcessId: 4504
Process Name: C:\Program Files (x86)\IIS Express\iisexpress.exe
Thread Name: 
Win32 ThreadId:17240
Extended Properties: 
Category: 
Priority: -1
EventId: 6352
Severity: Error
Title:
Machine: THINK
App Domain: /LM/W3SVC/6/ROOT-39-130064007220388070
ProcessId: 4504
Process Name: C:\Program Files (x86)\IIS Express\iisexpress.exe
Thread Name: 
Win32 ThreadId:17240
Extended Properties: 
----------------------------------------
----------------------------------------
操作日志 Information: 0 : Timestamp: 2013/2/27 1:11:27
Message: 进入餐馆管理模块.餐馆维护页面
Category: 无, 信息, 操作日志, Friday.mvc.weblogin.restaurant.pRestaurantList
Priority: -1
EventId: 0
Severity: Information
Title:
Machine: THINK
App Domain: /LM/W3SVC/6/ROOT-39-130064007220388070
ProcessId: 4504
Process Name: C:\Program Files (x86)\IIS Express\iisexpress.exe
Thread Name: 
Win32 ThreadId:17240
Extended Properties: 
----------------------------------------
----------------------------------------
Logging Errors & Warnings Error: 6352 : Timestamp: 2013/2/27 1:18:57
Message: There is no explicit mapping for the categories '无, 信息, Friday.mvc.weblogin.restaurant.pRestaurantList'. The log entry was: 
Timestamp: 2013/2/27 1:18:57
Message: 进入餐馆管理模块.餐馆维护页面
Category: 无, 信息, 操作日志, Friday.mvc.weblogin.restaurant.pRestaurantList
Priority: -1
EventId: 0
Severity: Information
Title:
Machine: THINK
App Domain: /LM/W3SVC/6/ROOT-40-130064013527128795
ProcessId: 4504
Process Name: C:\Program Files (x86)\IIS Express\iisexpress.exe
Thread Name: 
Win32 ThreadId:7984
Extended Properties: 
Category: 
Priority: -1
EventId: 6352
Severity: Error
Title:
Machine: THINK
App Domain: /LM/W3SVC/6/ROOT-40-130064013527128795
ProcessId: 4504
Process Name: C:\Program Files (x86)\IIS Express\iisexpress.exe
Thread Name: 
Win32 ThreadId:7984
Extended Properties: 
----------------------------------------
----------------------------------------
操作日志 Information: 0 : Timestamp: 2013/2/27 1:18:57
Message: 进入餐馆管理模块.餐馆维护页面
Category: 无, 信息, 操作日志, Friday.mvc.weblogin.restaurant.pRestaurantList
Priority: -1
EventId: 0
Severity: Information
Title:
Machine: THINK
App Domain: /LM/W3SVC/6/ROOT-40-130064013527128795
ProcessId: 4504
Process Name: C:\Program Files (x86)\IIS Express\iisexpress.exe
Thread Name: 
Win32 ThreadId:7984
Extended Properties: 
----------------------------------------
----------------------------------------
Logging Errors & Warnings Error: 6352 : Timestamp: 2013/2/27 1:19:06
Message: There is no explicit mapping for the categories '无, 信息, Friday.mvc.weblogin.restaurant.pRestaurantList'. The log entry was: 
Timestamp: 2013/2/27 1:19:06
Message: 进入餐馆管理模块.餐馆维护页面
Category: 无, 信息, 操作日志, Friday.mvc.weblogin.restaurant.pRestaurantList
Priority: -1
EventId: 0
Severity: Information
Title:
Machine: THINK
App Domain: /LM/W3SVC/6/ROOT-40-130064013527128795
ProcessId: 4504
Process Name: C:\Program Files (x86)\IIS Express\iisexpress.exe
Thread Name: 
Win32 ThreadId:7984
Extended Properties: 
Category: 
Priority: -1
EventId: 6352
Severity: Error
Title:
Machine: THINK
App Domain: /LM/W3SVC/6/ROOT-40-130064013527128795
ProcessId: 4504
Process Name: C:\Program Files (x86)\IIS Express\iisexpress.exe
Thread Name: 
Win32 ThreadId:7984
Extended Properties: 
----------------------------------------
----------------------------------------
操作日志 Information: 0 : Timestamp: 2013/2/27 1:19:06
Message: 进入餐馆管理模块.餐馆维护页面
Category: 无, 信息, 操作日志, Friday.mvc.weblogin.restaurant.pRestaurantList
Priority: -1
EventId: 0
Severity: Information
Title:
Machine: THINK
App Domain: /LM/W3SVC/6/ROOT-40-130064013527128795
ProcessId: 4504
Process Name: C:\Program Files (x86)\IIS Express\iisexpress.exe
Thread Name: 
Win32 ThreadId:7984
Extended Properties: 
----------------------------------------
----------------------------------------
Logging Errors & Warnings Error: 6352 : Timestamp: 2013/2/27 1:19:14
Message: There is no explicit mapping for the categories '无, 信息, Friday.mvc.weblogin.restaurant.pRestaurantList'. The log entry was: 
Timestamp: 2013/2/27 1:19:14
Message: 进入餐馆管理模块.餐馆维护页面
Category: 无, 信息, 操作日志, Friday.mvc.weblogin.restaurant.pRestaurantList
Priority: -1
EventId: 0
Severity: Information
Title:
Machine: THINK
App Domain: /LM/W3SVC/6/ROOT-40-130064013527128795
ProcessId: 4504
Process Name: C:\Program Files (x86)\IIS Express\iisexpress.exe
Thread Name: 
Win32 ThreadId:8000
Extended Properties: 
Category: 
Priority: -1
EventId: 6352
Severity: Error
Title:
Machine: THINK
App Domain: /LM/W3SVC/6/ROOT-40-130064013527128795
ProcessId: 4504
Process Name: C:\Program Files (x86)\IIS Express\iisexpress.exe
Thread Name: 
Win32 ThreadId:8000
Extended Properties: 
----------------------------------------
----------------------------------------
操作日志 Information: 0 : Timestamp: 2013/2/27 1:19:14
Message: 进入餐馆管理模块.餐馆维护页面
Category: 无, 信息, 操作日志, Friday.mvc.weblogin.restaurant.pRestaurantList
Priority: -1
EventId: 0
Severity: Information
Title:
Machine: THINK
App Domain: /LM/W3SVC/6/ROOT-40-130064013527128795
ProcessId: 4504
Process Name: C:\Program Files (x86)\IIS Express\iisexpress.exe
Thread Name: 
Win32 ThreadId:8000
Extended Properties: 
----------------------------------------
----------------------------------------
Logging Errors & Warnings Error: 6352 : Timestamp: 2013/2/27 1:19:17
Message: There is no explicit mapping for the categories '无, 信息, Friday.mvc.weblogin.restaurant.pRestaurantList'. The log entry was: 
Timestamp: 2013/2/27 1:19:17
Message: 进入餐馆管理模块.餐馆维护页面
Category: 无, 信息, 操作日志, Friday.mvc.weblogin.restaurant.pRestaurantList
Priority: -1
EventId: 0
Severity: Information
Title:
Machine: THINK
App Domain: /LM/W3SVC/6/ROOT-40-130064013527128795
ProcessId: 4504
Process Name: C:\Program Files (x86)\IIS Express\iisexpress.exe
Thread Name: 
Win32 ThreadId:12912
Extended Properties: 
Category: 
Priority: -1
EventId: 6352
Severity: Error
Title:
Machine: THINK
App Domain: /LM/W3SVC/6/ROOT-40-130064013527128795
ProcessId: 4504
Process Name: C:\Program Files (x86)\IIS Express\iisexpress.exe
Thread Name: 
Win32 ThreadId:12912
Extended Properties: 
----------------------------------------
----------------------------------------
操作日志 Information: 0 : Timestamp: 2013/2/27 1:19:17
Message: 进入餐馆管理模块.餐馆维护页面
Category: 无, 信息, 操作日志, Friday.mvc.weblogin.restaurant.pRestaurantList
Priority: -1
EventId: 0
Severity: Information
Title:
Machine: THINK
App Domain: /LM/W3SVC/6/ROOT-40-130064013527128795
ProcessId: 4504
Process Name: C:\Program Files (x86)\IIS Express\iisexpress.exe
Thread Name: 
Win32 ThreadId:12912
Extended Properties: 
----------------------------------------
----------------------------------------
Logging Errors & Warnings Error: 6352 : Timestamp: 2013/2/27 1:19:59
Message: There is no explicit mapping for the categories '无, 信息, Friday.mvc.weblogin.restaurant.pRestaurantList'. The log entry was: 
Timestamp: 2013/2/27 1:19:59
Message: 进入餐馆管理模块.餐馆维护页面
Category: 无, 信息, 操作日志, Friday.mvc.weblogin.restaurant.pRestaurantList
Priority: -1
EventId: 0
Severity: Information
Title:
Machine: THINK
App Domain: /LM/W3SVC/6/ROOT-40-130064013527128795
ProcessId: 4504
Process Name: C:\Program Files (x86)\IIS Express\iisexpress.exe
Thread Name: 
Win32 ThreadId:10224
Extended Properties: 
Category: 
Priority: -1
EventId: 6352
Severity: Error
Title:
Machine: THINK
App Domain: /LM/W3SVC/6/ROOT-40-130064013527128795
ProcessId: 4504
Process Name: C:\Program Files (x86)\IIS Express\iisexpress.exe
Thread Name: 
Win32 ThreadId:10224
Extended Properties: 
----------------------------------------
----------------------------------------
操作日志 Information: 0 : Timestamp: 2013/2/27 1:19:59
Message: 进入餐馆管理模块.餐馆维护页面
Category: 无, 信息, 操作日志, Friday.mvc.weblogin.restaurant.pRestaurantList
Priority: -1
EventId: 0
Severity: Information
Title:
Machine: THINK
App Domain: /LM/W3SVC/6/ROOT-40-130064013527128795
ProcessId: 4504
Process Name: C:\Program Files (x86)\IIS Express\iisexpress.exe
Thread Name: 
Win32 ThreadId:10224
Extended Properties: 
----------------------------------------
----------------------------------------
Logging Errors & Warnings Error: 6352 : Timestamp: 2013/2/27 1:20:09
Message: There is no explicit mapping for the categories '无, 信息, Friday.mvc.weblogin.restaurant.pRestaurantList'. The log entry was: 
Timestamp: 2013/2/27 1:20:09
Message: 进入餐馆管理模块.餐馆维护页面
Category: 无, 信息, 操作日志, Friday.mvc.weblogin.restaurant.pRestaurantList
Priority: -1
EventId: 0
Severity: Information
Title:
Machine: THINK
App Domain: /LM/W3SVC/6/ROOT-40-130064013527128795
ProcessId: 4504
Process Name: C:\Program Files (x86)\IIS Express\iisexpress.exe
Thread Name: 
Win32 ThreadId:7984
Extended Properties: 
Category: 
Priority: -1
EventId: 6352
Severity: Error
Title:
Machine: THINK
App Domain: /LM/W3SVC/6/ROOT-40-130064013527128795
ProcessId: 4504
Process Name: C:\Program Files (x86)\IIS Express\iisexpress.exe
Thread Name: 
Win32 ThreadId:7984
Extended Properties: 
----------------------------------------
----------------------------------------
操作日志 Information: 0 : Timestamp: 2013/2/27 1:20:09
Message: 进入餐馆管理模块.餐馆维护页面
Category: 无, 信息, 操作日志, Friday.mvc.weblogin.restaurant.pRestaurantList
Priority: -1
EventId: 0
Severity: Information
Title:
Machine: THINK
App Domain: /LM/W3SVC/6/ROOT-40-130064013527128795
ProcessId: 4504
Process Name: C:\Program Files (x86)\IIS Express\iisexpress.exe
Thread Name: 
Win32 ThreadId:7984
Extended Properties: 
----------------------------------------
----------------------------------------
Logging Errors & Warnings Error: 6352 : Timestamp: 2013/2/27 1:37:30
Message: There is no explicit mapping for the categories '无, 信息, Friday.mvc.weblogin.restaurant.pRestaurantList'. The log entry was: 
Timestamp: 2013/2/27 1:37:30
Message: 进入餐馆管理模块.餐馆维护页面
Category: 无, 信息, 操作日志, Friday.mvc.weblogin.restaurant.pRestaurantList
Priority: -1
EventId: 0
Severity: Information
Title:
Machine: THINK
App Domain: /LM/W3SVC/6/ROOT-40-130064013527128795
ProcessId: 4504
Process Name: C:\Program Files (x86)\IIS Express\iisexpress.exe
Thread Name: 
Win32 ThreadId:11096
Extended Properties: 
Category: 
Priority: -1
EventId: 6352
Severity: Error
Title:
Machine: THINK
App Domain: /LM/W3SVC/6/ROOT-40-130064013527128795
ProcessId: 4504
Process Name: C:\Program Files (x86)\IIS Express\iisexpress.exe
Thread Name: 
Win32 ThreadId:11096
Extended Properties: 
----------------------------------------
----------------------------------------
操作日志 Information: 0 : Timestamp: 2013/2/27 1:37:30
Message: 进入餐馆管理模块.餐馆维护页面
Category: 无, 信息, 操作日志, Friday.mvc.weblogin.restaurant.pRestaurantList
Priority: -1
EventId: 0
Severity: Information
Title:
Machine: THINK
App Domain: /LM/W3SVC/6/ROOT-40-130064013527128795
ProcessId: 4504
Process Name: C:\Program Files (x86)\IIS Express\iisexpress.exe
Thread Name: 
Win32 ThreadId:11096
Extended Properties: 
----------------------------------------
----------------------------------------
Logging Errors & Warnings Error: 6352 : Timestamp: 2013/2/27 2:37:15
Message: There is no explicit mapping for the categories '无, 信息, Friday.mvc.weblogin.restaurant.pRestaurantList'. The log entry was: 
Timestamp: 2013/2/27 2:37:15
Message: 进入餐馆管理模块.餐馆维护页面
Category: 无, 信息, 操作日志, Friday.mvc.weblogin.restaurant.pRestaurantList
Priority: -1
EventId: 0
Severity: Information
Title:
Machine: THINK
App Domain: /LM/W3SVC/6/ROOT-41-130064062238234911
ProcessId: 4504
Process Name: C:\Program Files (x86)\IIS Express\iisexpress.exe
Thread Name: 
Win32 ThreadId:8364
Extended Properties: 
Category: 
Priority: -1
EventId: 6352
Severity: Error
Title:
Machine: THINK
App Domain: /LM/W3SVC/6/ROOT-41-130064062238234911
ProcessId: 4504
Process Name: C:\Program Files (x86)\IIS Express\iisexpress.exe
Thread Name: 
Win32 ThreadId:8364
Extended Properties: 
----------------------------------------
----------------------------------------
操作日志 Information: 0 : Timestamp: 2013/2/27 2:37:15
Message: 进入餐馆管理模块.餐馆维护页面
Category: 无, 信息, 操作日志, Friday.mvc.weblogin.restaurant.pRestaurantList
Priority: -1
EventId: 0
Severity: Information
Title:
Machine: THINK
App Domain: /LM/W3SVC/6/ROOT-41-130064062238234911
ProcessId: 4504
Process Name: C:\Program Files (x86)\IIS Express\iisexpress.exe
Thread Name: 
Win32 ThreadId:8364
Extended Properties: 
----------------------------------------
